1695555290808 : 1 : 0 : 0 : 0
1695555299281 : 2 : 0 : 0 : 0
1695555307509 : 3 : 0 : 0 : 0
1695555316009 : 4 : 0 : 0 : 0
1695555324354 : 5 : 0 : 0 : 0
1695555331974 : 6 : 0 : 0 : 0
1695555337678 : 7 : 0 : 0 : 0
1695555387193 : 8 : 0 : 0 : 0
1695555391606 : 9 : 0 : 0 : 0
1695555406918 : 10 : 0 : 0 : 0
1695555471242 : 11 : 0 : 0 : 0
1695555488440 : 12 : 0 : 0 : 0
1695555494336 : 13 : 0 : 0 : 0
1695555505492 : 14 : 0 : 0 : 0
1695555520958 : 15 : 0 : 0 : 0
1695555533037 : 16 : 0 : 0 : 0
1695555563326 : 17 : 0 : 0 : 0
1695555575715 : 18 : 0 : 0 : 0
1695555585465 : 19 : 0 : 0 : 0
1695555594287 : 20 : 0 : 0 : 0
1695555604249 : 21 : 0 : 0 : 0
1695555610063 : 22 : 0 : 0 : 0
1695555619001 : 23 : 0 : 0 : 0
1695555632408 : 24 : 0 : 0 : 0
1695555643953 : 25 : 0 : 0 : 0
1695555652044 : 26 : 0 : 0 : 0
1695555658576 : 27 : 0 : 0 : 0
1695555675507 : 28 : 0 : 0 : 0
1695555685880 : 29 : 0 : 0 : 0
1695555692808 : 30 : 0 : 0 : 0
1695555705176 : 31 : 0 : 0 : 0
1695555717041 : 32 : 0 : 0 : 0
1695555722536 : 33 : 0 : 0 : 0
1695555745770 : 34 : 0 : 0 : 0
1695555777706 : 35 : 0 : 0 : 0
1695555803366 : 36 : 0 : 0 : 0
1695555810761 : 37 : 0 : 0 : 0
1695555816862 : 38 : 0 : 0 : 0
1695555825692 : 39 : 0 : 0 : 0
1695555834692 : 40 : 0 : 0 : 0
1695555839869 : 41 : 0 : 0 : 0
1695555846331 : 42 : 0 : 0 : 0
1695555863334 : 43 : 0 : 0 : 0
1695555869311 : 44 : 0 : 0 : 0
1695555931103 : 45 : 0 : 0 : 0
1695555951109 : 46 : 0 : 0 : 0
1695555959836 : 47 : 0 : 0 : 0
1695555968456 : 48 : 0 : 0 : 0
1695555982906 : 49 : 0 : 0 : 0
1695555987519 : 50 : 0 : 0 : 0
1695556016166 : 51 : 0 : 0 : 0
1695556025273 : 52 : 0 : 0 : 0
1695556034602 : 53 : 0 : 0 : 0
1695556048182 : 54 : 0 : 0 : 0
1695556061530 : 55 : 0 : 0 : 0
1695556078448 : 56 : 0 : 0 : 0
1695556085820 : 57 : 0 : 0 : 0
1695556093460 : 58 : 0 : 0 : 0
1695556104625 : 59 : 0 : 0 : 0
1695556114205 : 60 : 0 : 0 : 0
1695556133155 : 61 : 0 : 0 : 0
1695556141594 : 62 : 0 : 0 : 0
1695556148235 : 63 : 0 : 0 : 0
1695556168405 : 64 : 0 : 0 : 0
1695556213009 : 65 : 0 : 0 : 0
1695556226207 : 66 : 0 : 0 : 0
1695556289384 : 67 : 0 : 0 : 0
1695556301034 : 68 : 0 : 0 : 0
1695556310414 : 69 : 0 : 0 : 0
1695556316043 : 70 : 0 : 0 : 0
